2026-03-25 15:55:55,685 - vectorax - INFO - ✅ API health check passed
2026-03-25 15:55:55,689 - vectorax - INFO - 🚀 Vectorax Trading Bot Started - 5m S/R + Multi-confirm + 1h HTF + 1%/2% RR2.0 🚀
2026-03-25 15:55:56,874 - vectorax - INFO - Telegram alert sent ✅
2026-03-25 15:55:57,486 - vectorax - WARNING - API GET /v2/wallets status:404 preview:'Not Found...'
2026-03-25 15:55:57,488 - vectorax - WARNING - API GET /v2/wallets attempt 1 failed: Expecting value: line 1 column 1 (char 0)
2026-03-25 15:55:59,291 - vectorax - WARNING - API GET /v2/wallets status:404 preview:'Not Found...'
2026-03-25 15:55:59,292 - vectorax - WARNING - API GET /v2/wallets attempt 2 failed: Expecting value: line 1 column 1 (char 0)
2026-03-25 15:56:03,407 - vectorax - WARNING - API GET /v2/wallets status:404 preview:'Not Found...'
2026-03-25 15:56:03,408 - vectorax - WARNING - API GET /v2/wallets attempt 3 failed: Expecting value: line 1 column 1 (char 0)
2026-03-25 15:56:04,545 - vectorax - INFO - Telegram alert sent ✅
2026-03-25 15:56:04,547 - vectorax - ERROR - Balance error: (0, 'Max retries exceeded for GET /v2/wallets')
2026-03-25 15:56:04,550 - vectorax - INFO - Using fallback capital: $1000.0
2026-03-25 15:56:04,551 - vectorax - INFO - Initial balance: ₹1000.00
2026-03-25 15:56:04,551 - vectorax - INFO - Cycle #1 | Positions: 0/4 | Balance: ₹1000.00
2026-03-25 15:56:04,552 - vectorax - INFO - Scanning BTCUSDT for 5m breakout + 1h confirm...
2026-03-25 15:56:05,358 - vectorax - WARNING - Candles BTCUSDT 5m status:200 preview:'{"result":[{"close":69371.8,"high":69371.8,"low":69371.8,"open":69371.8,"time":1774376100,"volume":77},{"close":69186.7,"high":69186.7,"low":69186.7,"open":69186.7,"time":1774375800,"volume":0},{"clos...'
2026-03-25 15:56:07,839 - vectorax - WARNING - Candles BTCUSDT 1h status:200 preview:'{"result":[{"close":69371.8,"high":69371.8,"low":69371.8,"open":69371.8,"time":1774375200,"volume":77},{"close":69186.7,"high":69186.7,"low":69186.7,"open":69186.7,"time":1774371600,"volume":77},{"clo...'
2026-03-25 15:56:07,852 - vectorax - INFO - Scanning ETHUSDT for 5m breakout + 1h confirm...
2026-03-25 15:56:09,332 - vectorax - WARNING - Candles ETHUSDT 5m status:200 preview:'{"result":[{"close":2215,"high":2215,"low":2215,"open":2215,"time":1774345200,"volume":130},{"close":2215,"high":2215,"low":2215,"open":2215,"time":1774344900,"volume":90}],"success":true}...'
2026-03-25 15:56:13,565 - vectorax - WARNING - Candles ETHUSDT 1h status:200 preview:'{"result":[{"close":2215,"high":2215,"low":2215,"open":2215,"time":1774342800,"volume":220},{"close":2035,"high":2215,"low":2035,"open":2215,"time":1774339200,"volume":2110},{"close":2035,"high":2215,...'
2026-03-25 15:56:13,574 - vectorax - WARNING - Insufficient data ETHUSDT 5m:2 1h:25
2026-03-25 15:56:13,575 - vectorax - INFO - Cycle complete. Sleeping 1h ⏰
2026-03-25 15:56:13,578 - vectorax - INFO - 📋 Summary written to summary.txt
2026-03-25 15:57:03,380 - vectorax - INFO - Shutdown signal received. Closing bot safely...
2026-03-25 16:20:50,548 - vectorax - INFO - ✅ API health check passed
2026-03-25 16:20:50,549 - vectorax - INFO - 🚀 Vectorax Trading Bot Started - 5m S/R + Multi-confirm + 1h HTF + 1%/2% RR2.0 🚀
2026-03-25 16:20:52,094 - vectorax - INFO - Telegram alert sent ✅
2026-03-25 16:20:52,916 - vectorax - WARNING - API GET /v2/wallets status:404 preview:'Not Found...'
2026-03-25 16:20:52,917 - vectorax - WARNING - API GET /v2/wallets attempt 1 failed: Expecting value: line 1 column 1 (char 0)
2026-03-25 16:20:54,866 - vectorax - WARNING - API GET /v2/wallets status:404 preview:'Not Found...'
2026-03-25 16:20:54,867 - vectorax - WARNING - API GET /v2/wallets attempt 2 failed: Expecting value: line 1 column 1 (char 0)
2026-03-25 16:20:57,359 - vectorax - WARNING - API GET /v2/wallets status:404 preview:'Not Found...'
2026-03-25 16:20:57,360 - vectorax - WARNING - API GET /v2/wallets attempt 3 failed: Expecting value: line 1 column 1 (char 0)
2026-03-25 16:20:58,559 - vectorax - INFO - Telegram alert sent ✅
2026-03-25 16:20:58,562 - vectorax - ERROR - Balance error: (0, 'Max retries exceeded for GET /v2/wallets')
2026-03-25 16:20:58,565 - vectorax - INFO - Using fallback capital: $1000.0
2026-03-25 16:20:58,566 - vectorax - INFO - Initial balance: ₹1000.00
2026-03-25 16:20:58,566 - vectorax - INFO - Cycle #1 | Positions: 0/4 | Balance: ₹1000.00
2026-03-25 16:20:58,567 - vectorax - INFO - Scanning BTCUSDT for 5m breakout + 1h confirm...
2026-03-25 16:20:59,355 - vectorax - WARNING - Candles BTCUSDT 5m status:200 preview:'{"result":[{"close":69371.8,"high":69371.8,"low":69371.8,"open":69371.8,"time":1774376100,"volume":77},{"close":69186.7,"high":69186.7,"low":69186.7,"open":69186.7,"time":1774375800,"volume":0},{"clos...'
2026-03-25 16:21:00,254 - vectorax - WARNING - Candles BTCUSDT 1h status:200 preview:'{"result":[{"close":69371.8,"high":69371.8,"low":69371.8,"open":69371.8,"time":1774375200,"volume":77},{"close":69186.7,"high":69186.7,"low":69186.7,"open":69186.7,"time":1774371600,"volume":77},{"clo...'
2026-03-25 16:21:00,271 - vectorax - INFO - Scanning ETHUSDT for 5m breakout + 1h confirm...
2026-03-25 16:21:01,126 - vectorax - WARNING - Candles ETHUSDT 5m status:200 preview:'{"result":[],"success":true}...'
2026-03-25 16:21:01,127 - vectorax - WARNING - No candle data for ETHUSDT (5m)
2026-03-25 16:21:01,979 - vectorax - WARNING - Candles ETHUSDT 1h status:200 preview:'{"result":[{"close":2215,"high":2215,"low":2215,"open":2215,"time":1774342800,"volume":220},{"close":2035,"high":2215,"low":2035,"open":2215,"time":1774339200,"volume":2110},{"close":2035,"high":2215,...'
2026-03-25 16:21:01,985 - vectorax - WARNING - Insufficient data ETHUSDT 5m:0 1h:25
2026-03-25 16:21:01,986 - vectorax - INFO - Cycle complete. Sleeping 1h ⏰
2026-03-25 16:21:01,991 - vectorax - INFO - 📋 Summary written to summary.txt
2026-03-25 16:21:59,158 - vectorax - INFO - Shutdown signal received. Closing bot safely...
2026-03-25 16:26:44,823 - vectorax - INFO - ✅ API health check passed
2026-03-25 16:26:44,826 - vectorax - INFO - 🚀 Vectorax Trading Bot Started - 5m S/R + Multi-confirm + 1h HTF + 1%/2% RR2.0 🚀
2026-03-25 16:26:45,924 - vectorax - INFO - Telegram alert sent ✅
2026-03-25 16:26:46,555 - vectorax - WARNING - API GET /v2/wallets status:404 preview:'Not Found...'
2026-03-25 16:26:46,556 - vectorax - WARNING - API GET /v2/wallets attempt 1 failed: Expecting value: line 1 column 1 (char 0)
2026-03-25 16:26:47,974 - vectorax - WARNING - API GET /v2/wallets status:404 preview:'Not Found...'
2026-03-25 16:26:47,975 - vectorax - WARNING - API GET /v2/wallets attempt 2 failed: Expecting value: line 1 column 1 (char 0)
2026-03-25 16:26:50,413 - vectorax - WARNING - API GET /v2/wallets status:404 preview:'Not Found...'
2026-03-25 16:26:50,414 - vectorax - WARNING - API GET /v2/wallets attempt 3 failed: Expecting value: line 1 column 1 (char 0)
2026-03-25 16:26:51,270 - vectorax - INFO - Telegram alert sent ✅
2026-03-25 16:26:51,272 - vectorax - ERROR - Balance error: (0, 'Max retries exceeded for GET /v2/wallets')
2026-03-25 16:26:51,273 - vectorax - INFO - Using fallback capital: $1000.0
2026-03-25 16:26:51,274 - vectorax - INFO - Initial balance: ₹1000.00
2026-03-25 16:26:51,274 - vectorax - INFO - Cycle #1 | Positions: 0/4 | Balance: ₹1000.00
2026-03-25 16:26:51,274 - vectorax - INFO - Scanning BTCUSDT for 5m breakout + 1h confirm...
2026-03-25 16:26:52,113 - vectorax - WARNING - Candles BTCUSDT 5m status:200 preview:'{"result":[{"close":69371.8,"high":69371.8,"low":69371.8,"open":69371.8,"time":1774376100,"volume":77},{"close":69186.7,"high":69186.7,"low":69186.7,"open":69186.7,"time":1774375800,"volume":0},{"clos...'
2026-03-25 16:26:52,631 - vectorax - WARNING - Candles BTCUSDT 1h status:200 preview:'{"result":[{"close":69371.8,"high":69371.8,"low":69371.8,"open":69371.8,"time":1774375200,"volume":77},{"close":69186.7,"high":69186.7,"low":69186.7,"open":69186.7,"time":1774371600,"volume":77},{"clo...'
2026-03-25 16:26:52,638 - vectorax - INFO - Scanning ETHUSDT for 5m breakout + 1h confirm...
2026-03-25 16:26:53,334 - vectorax - WARNING - Candles ETHUSDT 5m status:200 preview:'{"result":[],"success":true}...'
2026-03-25 16:26:53,335 - vectorax - WARNING - No candle data for ETHUSDT (5m)
2026-03-25 16:26:53,952 - vectorax - WARNING - Candles ETHUSDT 1h status:200 preview:'{"result":[{"close":2215,"high":2215,"low":2215,"open":2215,"time":1774342800,"volume":220},{"close":2035,"high":2215,"low":2035,"open":2215,"time":1774339200,"volume":2110},{"close":2035,"high":2215,...'
2026-03-25 16:26:53,962 - vectorax - WARNING - Insufficient data ETHUSDT 5m:0 1h:25
2026-03-25 16:26:53,962 - vectorax - INFO - Cycle complete. Sleeping 1h ⏰
2026-03-25 16:26:53,964 - vectorax - INFO - 📋 Summary written to summary.txt
2026-03-25 16:27:29,305 - vectorax - INFO - Shutdown signal received. Closing bot safely...
2026-03-25 16:28:28,454 - vectorax - INFO - ✅ API health check passed
2026-03-25 16:28:28,456 - vectorax - INFO - 🚀 Vectorax Trading Bot Started - 5m S/R + Multi-confirm + 1h HTF + 1%/2% RR2.0 🚀
2026-03-25 16:28:29,552 - vectorax - INFO - Telegram alert sent ✅
2026-03-25 16:28:30,231 - vectorax - WARNING - API GET /v2/wallets status:404 preview:'Not Found...'
2026-03-25 16:28:30,232 - vectorax - WARNING - API GET /v2/wallets attempt 1 failed: Expecting value: line 1 column 1 (char 0)
2026-03-25 16:28:31,683 - vectorax - WARNING - API GET /v2/wallets status:404 preview:'Not Found...'
2026-03-25 16:28:31,685 - vectorax - WARNING - API GET /v2/wallets attempt 2 failed: Expecting value: line 1 column 1 (char 0)
2026-03-25 16:28:34,186 - vectorax - WARNING - API GET /v2/wallets status:404 preview:'Not Found...'
2026-03-25 16:28:34,187 - vectorax - WARNING - API GET /v2/wallets attempt 3 failed: Expecting value: line 1 column 1 (char 0)
2026-03-25 16:28:35,207 - vectorax - INFO - Telegram alert sent ✅
2026-03-25 16:28:35,211 - vectorax - ERROR - Balance error: (0, 'Max retries exceeded for GET /v2/wallets')
2026-03-25 16:28:35,215 - vectorax - INFO - Using fallback capital: $1000.0
2026-03-25 16:28:35,215 - vectorax - INFO - Initial balance: ₹1000.00
2026-03-25 16:28:35,215 - vectorax - INFO - Cycle #1 | Positions: 0/4 | Balance: ₹1000.00
2026-03-25 16:28:35,216 - vectorax - INFO - Scanning BTCUSDT for 5m breakout + 1h confirm...
2026-03-25 16:28:35,823 - vectorax - WARNING - Candles BTCUSDT 5m status:200 preview:'{"result":[{"close":69371.8,"high":69371.8,"low":69371.8,"open":69371.8,"time":1774376100,"volume":77},{"close":69186.7,"high":69186.7,"low":69186.7,"open":69186.7,"time":1774375800,"volume":0},{"clos...'
2026-03-25 16:28:36,550 - vectorax - WARNING - Candles BTCUSDT 1h status:200 preview:'{"result":[{"close":69371.8,"high":69371.8,"low":69371.8,"open":69371.8,"time":1774375200,"volume":77},{"close":69186.7,"high":69186.7,"low":69186.7,"open":69186.7,"time":1774371600,"volume":77},{"clo...'
2026-03-25 16:28:36,565 - vectorax - INFO - Scanning ETHUSDT for 5m breakout + 1h confirm...
2026-03-25 16:28:36,986 - vectorax - WARNING - Candles ETHUSDT 5m status:200 preview:'{"result":[],"success":true}...'
2026-03-25 16:28:36,987 - vectorax - WARNING - No candle data for ETHUSDT (5m)
2026-03-25 16:28:37,727 - vectorax - WARNING - Candles ETHUSDT 1h status:200 preview:'{"result":[{"close":2215,"high":2215,"low":2215,"open":2215,"time":1774342800,"volume":220},{"close":2035,"high":2215,"low":2035,"open":2215,"time":1774339200,"volume":2110},{"close":2035,"high":2215,...'
2026-03-25 16:28:37,735 - vectorax - WARNING - Insufficient data ETHUSDT 5m:0 1h:25
2026-03-25 16:28:37,735 - vectorax - INFO - Cycle complete. Sleeping 1h ⏰
2026-03-25 16:28:37,737 - vectorax - INFO - 📋 Summary written to summary.txt
2026-03-25 16:34:51,550 - vectorax - INFO - Shutdown signal received. Closing bot safely...
2026-03-25 16:36:53,799 - vectorax - INFO - ✅ API health check passed
2026-03-25 16:36:53,803 - vectorax - INFO - 🚀 Vectorax Trading Bot Started - 5m S/R + Multi-confirm + 1h HTF + 1%/2% RR2.0 🚀
2026-03-25 16:36:58,639 - vectorax - INFO - Telegram alert sent ✅
2026-03-25 16:37:01,578 - vectorax - WARNING - API GET /v2/wallets status:404 preview:'Not Found...'
2026-03-25 16:37:01,579 - vectorax - WARNING - API GET /v2/wallets attempt 1 failed: Expecting value: line 1 column 1 (char 0)
2026-03-25 16:37:07,381 - vectorax - WARNING - API GET /v2/wallets status:404 preview:'Not Found...'
2026-03-25 16:37:07,381 - vectorax - WARNING - API GET /v2/wallets attempt 2 failed: Expecting value: line 1 column 1 (char 0)
2026-03-25 16:37:13,989 - vectorax - WARNING - API GET /v2/wallets status:404 preview:'Not Found...'
2026-03-25 16:37:13,990 - vectorax - WARNING - API GET /v2/wallets attempt 3 failed: Expecting value: line 1 column 1 (char 0)
2026-03-25 16:37:19,452 - vectorax - INFO - Telegram alert sent ✅
2026-03-25 16:37:19,457 - vectorax - ERROR - Balance error: (0, 'Max retries exceeded for GET /v2/wallets')
2026-03-25 16:37:19,462 - vectorax - INFO - Using fallback capital: $1000.0
2026-03-25 16:37:19,464 - vectorax - INFO - Initial balance: ₹1000.00
2026-03-25 16:37:19,469 - vectorax - INFO - Cycle #1 | Positions: 0/4 | Balance: ₹1000.00
2026-03-25 16:37:19,471 - vectorax - INFO - Scanning BTCUSDT for 5m breakout + 1h confirm...
2026-03-25 16:37:23,361 - vectorax - WARNING - Candles BTCUSDT 5m status:200 preview:'{"result":[{"close":69371.8,"high":69371.8,"low":69371.8,"open":69371.8,"time":1774376100,"volume":77},{"close":69186.7,"high":69186.7,"low":69186.7,"open":69186.7,"time":1774375800,"volume":0},{"clos...'
2026-03-25 16:37:27,174 - vectorax - WARNING - Candles BTCUSDT 1h status:200 preview:'{"result":[{"close":69371.8,"high":69371.8,"low":69371.8,"open":69371.8,"time":1774375200,"volume":77},{"close":69186.7,"high":69186.7,"low":69186.7,"open":69186.7,"time":1774371600,"volume":77},{"clo...'
2026-03-25 16:37:27,200 - vectorax - INFO - Scanning ETHUSDT for 5m breakout + 1h confirm...
2026-03-25 16:37:29,838 - vectorax - WARNING - Candles ETHUSDT 5m status:200 preview:'{"result":[],"success":true}...'
2026-03-25 16:37:29,839 - vectorax - WARNING - No candle data for ETHUSDT (5m)
2026-03-25 16:37:32,772 - vectorax - WARNING - Candles ETHUSDT 1h status:200 preview:'{"result":[{"close":2215,"high":2215,"low":2215,"open":2215,"time":1774342800,"volume":220},{"close":2035,"high":2215,"low":2035,"open":2215,"time":1774339200,"volume":2110},{"close":2035,"high":2215,...'
2026-03-25 16:37:32,784 - vectorax - WARNING - Insufficient data ETHUSDT 5m:0 1h:24
2026-03-25 16:37:32,788 - vectorax - INFO - Cycle complete. Sleeping 1h ⏰
2026-03-25 16:37:32,794 - vectorax - INFO - 📋 Summary written to summary.txt
2026-03-25 16:41:35,835 - vectorax - INFO - Shutdown signal received. Closing bot safely...
2026-03-25 16:43:48,609 - vectorax - INFO - ✅ API health check passed
2026-03-25 16:43:48,610 - vectorax - INFO - 🚀 Vectorax Trading Bot Started - 5m S/R + Multi-confirm + 1h HTF + 1%/2% RR2.0 🚀
2026-03-25 16:43:52,028 - vectorax - INFO - Telegram alert sent ✅
2026-03-25 16:43:54,670 - vectorax - WARNING - API GET /v2/wallets status:404 preview:'Not Found...'
2026-03-25 16:43:54,672 - vectorax - WARNING - API GET /v2/wallets attempt 1 failed: Expecting value: line 1 column 1 (char 0)
2026-03-25 16:44:00,625 - vectorax - WARNING - API GET /v2/wallets status:404 preview:'Not Found...'
2026-03-25 16:44:00,626 - vectorax - WARNING - API GET /v2/wallets attempt 2 failed: Expecting value: line 1 column 1 (char 0)
2026-03-25 16:44:04,407 - vectorax - WARNING - API GET /v2/wallets status:404 preview:'Not Found...'
2026-03-25 16:44:04,408 - vectorax - WARNING - API GET /v2/wallets attempt 3 failed: Expecting value: line 1 column 1 (char 0)
2026-03-25 16:44:09,714 - vectorax - INFO - Telegram alert sent ✅
2026-03-25 16:44:09,718 - vectorax - ERROR - Balance error: (0, 'Max retries exceeded for GET /v2/wallets')
2026-03-25 16:44:09,722 - vectorax - INFO - Using fallback capital: $1000.0
2026-03-25 16:44:09,722 - vectorax - INFO - Initial balance: ₹1000.00
2026-03-25 16:44:09,723 - vectorax - INFO - Cycle #1 | Positions: 0/4 | Balance: ₹1000.00
2026-03-25 16:44:09,723 - vectorax - INFO - Scanning BTCUSDT for 5m breakout + 1h confirm...
2026-03-25 16:44:11,002 - vectorax - WARNING - Candles BTCUSDT 5m status:200 preview:'{"result":[{"close":69371.8,"high":69371.8,"low":69371.8,"open":69371.8,"time":1774376100,"volume":77},{"close":69186.7,"high":69186.7,"low":69186.7,"open":69186.7,"time":1774375800,"volume":0},{"clos...'
2026-03-25 16:44:15,125 - vectorax - WARNING - Candles BTCUSDT 1h status:200 preview:'{"result":[{"close":69371.8,"high":69371.8,"low":69371.8,"open":69371.8,"time":1774375200,"volume":77},{"close":69186.7,"high":69186.7,"low":69186.7,"open":69186.7,"time":1774371600,"volume":77},{"clo...'
2026-03-25 16:44:15,140 - vectorax - INFO - Scanning ETHUSDT for 5m breakout + 1h confirm...
2026-03-25 16:44:19,031 - vectorax - WARNING - Candles ETHUSDT 5m status:200 preview:'{"result":[],"success":true}...'
2026-03-25 16:44:19,032 - vectorax - WARNING - No candle data for ETHUSDT (5m)
2026-03-25 16:44:25,047 - vectorax - WARNING - Candles ETHUSDT 1h status:200 preview:'{"result":[{"close":2215,"high":2215,"low":2215,"open":2215,"time":1774342800,"volume":220},{"close":2035,"high":2215,"low":2035,"open":2215,"time":1774339200,"volume":2110},{"close":2035,"high":2215,...'
2026-03-25 16:44:25,057 - vectorax - WARNING - Insufficient data ETHUSDT 5m:0 1h:24
2026-03-25 16:44:25,058 - vectorax - INFO - Cycle complete. Sleeping 1h ⏰
2026-03-25 16:44:25,060 - vectorax - INFO - 📋 Summary written to summary.txt
2026-03-25 16:46:18,986 - vectorax - INFO - Shutdown signal received. Closing bot safely...
2026-03-25 16:54:08,870 - vectorax - INFO - ✅ API health check passed
2026-03-25 16:54:08,871 - vectorax - INFO - 🚀 Vectorax Trading Bot Started - 5m S/R + Multi-confirm + 1h HTF + 1%/2% RR2.0 🚀
2026-03-25 16:54:10,022 - vectorax - INFO - Telegram alert sent ✅
2026-03-25 16:54:12,191 - vectorax - WARNING - API GET /v2/wallets status:404 preview:'Not Found...'
2026-03-25 16:54:12,192 - vectorax - WARNING - API GET /v2/wallets attempt 1 failed: Expecting value: line 1 column 1 (char 0)
2026-03-25 16:54:16,904 - vectorax - WARNING - API GET /v2/wallets status:404 preview:'Not Found...'
2026-03-25 16:54:16,905 - vectorax - WARNING - API GET /v2/wallets attempt 2 failed: Expecting value: line 1 column 1 (char 0)
2026-03-25 16:54:22,543 - vectorax - WARNING - API GET /v2/wallets status:404 preview:'Not Found...'
2026-03-25 16:54:22,544 - vectorax - WARNING - API GET /v2/wallets attempt 3 failed: Expecting value: line 1 column 1 (char 0)
2026-03-25 16:54:26,260 - vectorax - INFO - Telegram alert sent ✅
2026-03-25 16:54:26,264 - vectorax - ERROR - Balance error: (0, 'Max retries exceeded for GET /v2/wallets')
2026-03-25 16:54:26,267 - vectorax - INFO - Using fallback capital: $1000.0
2026-03-25 16:54:26,267 - vectorax - INFO - Initial balance: ₹1000.00
2026-03-25 16:54:26,268 - vectorax - INFO - Cycle #1 | Positions: 0/4 | Balance: ₹1000.00
2026-03-25 16:54:26,269 - vectorax - INFO - Scanning BTCUSDT for 5m breakout + 1h confirm...
2026-03-25 16:54:27,833 - vectorax - WARNING - Candles BTCUSDT 5m status:200 preview:'{"result":[{"close":69371.8,"high":69371.8,"low":69371.8,"open":69371.8,"time":1774376100,"volume":77},{"close":69186.7,"high":69186.7,"low":69186.7,"open":69186.7,"time":1774375800,"volume":0},{"clos...'
2026-03-25 16:54:30,666 - vectorax - WARNING - Candles BTCUSDT 1h status:200 preview:'{"result":[{"close":69371.8,"high":69371.8,"low":69371.8,"open":69371.8,"time":1774375200,"volume":77},{"close":69186.7,"high":69186.7,"low":69186.7,"open":69186.7,"time":1774371600,"volume":77},{"clo...'
2026-03-25 16:54:30,687 - vectorax - INFO - Scanning ETHUSDT for 5m breakout + 1h confirm...
2026-03-25 16:54:31,472 - vectorax - WARNING - Candles ETHUSDT 5m status:200 preview:'{"result":[{"close":2215,"high":2215,"low":2215,"open":2215,"time":1774437300,"volume":177}],"success":true}...'
2026-03-25 16:54:37,324 - vectorax - WARNING - Candles ETHUSDT 1h status:200 preview:'{"result":[{"close":2215,"high":2215,"low":2215,"open":2215,"time":1774436400,"volume":177},{"close":2215,"high":2215,"low":2215,"open":2215,"time":1774432800,"volume":0},{"close":2215,"high":2215,"lo...'
2026-03-25 16:54:37,328 - vectorax - WARNING - Insufficient data ETHUSDT 5m:1 1h:50
2026-03-25 16:54:37,328 - vectorax - INFO - Cycle complete. Sleeping 1h ⏰
2026-03-25 16:54:37,329 - vectorax - INFO - 📋 Summary written to summary.txt
2026-03-25 16:55:39,282 - vectorax - INFO - Shutdown signal received. Closing bot safely...
2026-03-25 18:00:08,611 - vectorax - WARNING - API POST /v2/wallets attempt 1/3 failed: Expecting value: line 1 column 1 (char 0)
2026-03-25 18:00:10,494 - vectorax - WARNING - API POST /v2/wallets attempt 2/3 failed: Expecting value: line 1 column 1 (char 0)
2026-03-25 18:00:13,668 - vectorax - WARNING - API POST /v2/wallets attempt 3/3 failed: Expecting value: line 1 column 1 (char 0)
2026-03-25 18:00:13,669 - vectorax - ERROR - API FAILED POST /v2/wallets after 3 retries (404 fixed)
2026-03-25 18:00:16,635 - vectorax - INFO - Telegram alert sent ✅
2026-03-25 18:00:16,636 - vectorax - ERROR - Balance fetch error: API 0: Max retries exceeded
2026-03-25 18:00:16,640 - vectorax - INFO - Using fallback CAPITAL: $1000.0
2026-03-25 18:12:38,014 - vectorax - WARNING - API POST /v2/wallets attempt 1/2 failed: Expecting value: line 1 column 1 (char 0)
2026-03-25 18:12:39,693 - vectorax - WARNING - API POST /v2/wallets attempt 2/2 failed: Expecting value: line 1 column 1 (char 0)
2026-03-25 18:12:39,694 - vectorax - ERROR - API FAILED POST /v2/wallets after 2 retries
2026-03-25 18:12:40,871 - vectorax - INFO - Telegram alert sent ✅
2026-03-25 18:12:40,873 - vectorax - ERROR - Balance fetch error: API 0: Max retries exceeded
2026-03-25 18:12:40,874 - vectorax - INFO - Using fallback CAPITAL: $1000.00
2026-03-25 20:12:58,714 - vectorax - WARNING - Wallet API error on attempt 1: API 401: {'error': {'code': 'invalid_api_key'}, 'success': False}
2026-03-25 20:13:00,404 - vectorax - WARNING - Wallet API error on attempt 2: API 401: {'error': {'code': 'invalid_api_key'}, 'success': False}
2026-03-25 20:13:00,406 - vectorax - ERROR - Real wallet API failed after retries → Using fallback CAPITAL: $1000.00
2026-03-26 13:49:58,048 - vectorax - WARNING - Wallet API error on attempt 1: API 401: INVALID TESTNET API KEYS - https://testnet.delta.exchange/api-keys
2026-03-26 13:49:59,784 - vectorax - WARNING - Wallet API error on attempt 2: API 401: INVALID TESTNET API KEYS - https://testnet.delta.exchange/api-keys
2026-03-26 13:49:59,787 - vectorax - ERROR - ❌ NO WALLET ACCESS - INVALID TESTNET API KEYS
2026-03-26 13:49:59,788 - vectorax - ERROR - 🔗 Get NEW keys: https://testnet.delta.exchange → Dashboard → API Keys
2026-03-26 13:50:00,808 - vectorax - ERROR - Telegram failed 404: {"ok":false,"error_code":404,"description":"Not Found"}
2026-03-26 13:50:02,188 - vectorax - WARNING - ⚠️ Suspicious BTC price $1.3812 - wrong testnet product?
2026-03-26 13:51:37,379 - vectorax - INFO - ✅ API health check passed
2026-03-26 13:51:37,379 - vectorax - INFO - ✅ API health check passed
2026-03-26 13:51:37,384 - vectorax - INFO - 🚀 Vectorax Bot v3.0 AI Learning – Starting
2026-03-26 13:51:37,384 - vectorax - INFO - 🚀 Vectorax Bot v3.0 AI Learning – Starting
2026-03-26 13:51:38,443 - vectorax - WARNING - Wallet API error on attempt 1: API 401: INVALID TESTNET API KEYS - https://testnet.delta.exchange/api-keys
2026-03-26 13:51:38,443 - vectorax - WARNING - Wallet API error on attempt 1: API 401: INVALID TESTNET API KEYS - https://testnet.delta.exchange/api-keys
2026-03-26 13:51:40,593 - vectorax - WARNING - Wallet API error on attempt 2: API 401: INVALID TESTNET API KEYS - https://testnet.delta.exchange/api-keys
2026-03-26 13:51:40,593 - vectorax - WARNING - Wallet API error on attempt 2: API 401: INVALID TESTNET API KEYS - https://testnet.delta.exchange/api-keys
2026-03-26 13:51:40,598 - vectorax - ERROR - ❌ NO WALLET ACCESS - INVALID TESTNET API KEYS
2026-03-26 13:51:40,598 - vectorax - ERROR - ❌ NO WALLET ACCESS - INVALID TESTNET API KEYS
2026-03-26 13:51:40,602 - vectorax - ERROR - 🔗 Get NEW keys: https://testnet.delta.exchange → Dashboard → API Keys
2026-03-26 13:51:40,602 - vectorax - ERROR - 🔗 Get NEW keys: https://testnet.delta.exchange → Dashboard → API Keys
2026-03-26 13:51:41,888 - vectorax - ERROR - Telegram failed 404: {"ok":false,"error_code":404,"description":"Not Found"}
2026-03-26 13:51:41,888 - vectorax - ERROR - Telegram failed 404: {"ok":false,"error_code":404,"description":"Not Found"}
2026-03-26 13:51:41,893 - vectorax - INFO - 💰 Balance: $0.00
2026-03-26 13:51:41,893 - vectorax - INFO - 💰 Balance: $0.00
2026-03-26 13:51:43,119 - vectorax - ERROR - Telegram failed 404: {"ok":false,"error_code":404,"description":"Not Found"}
2026-03-26 13:51:43,119 - vectorax - ERROR - Telegram failed 404: {"ok":false,"error_code":404,"description":"Not Found"}
2026-03-26 13:51:44,436 - vectorax - WARNING - No candle data for BTC_PERP (1h)
2026-03-26 13:51:44,436 - vectorax - WARNING - No candle data for BTC_PERP (1h)
2026-03-26 13:51:46,272 - vectorax - WARNING - Wallet API error on attempt 1: API 401: INVALID TESTNET API KEYS - https://testnet.delta.exchange/api-keys
2026-03-26 13:51:46,272 - vectorax - WARNING - Wallet API error on attempt 1: API 401: INVALID TESTNET API KEYS - https://testnet.delta.exchange/api-keys
2026-03-26 13:51:48,092 - vectorax - WARNING - Wallet API error on attempt 2: API 401: INVALID TESTNET API KEYS - https://testnet.delta.exchange/api-keys
2026-03-26 13:51:48,092 - vectorax - WARNING - Wallet API error on attempt 2: API 401: INVALID TESTNET API KEYS - https://testnet.delta.exchange/api-keys
2026-03-26 13:51:48,098 - vectorax - ERROR - ❌ NO WALLET ACCESS - INVALID TESTNET API KEYS
2026-03-26 13:51:48,098 - vectorax - ERROR - ❌ NO WALLET ACCESS - INVALID TESTNET API KEYS
2026-03-26 13:51:48,109 - vectorax - ERROR - 🔗 Get NEW keys: https://testnet.delta.exchange → Dashboard → API Keys
2026-03-26 13:51:48,109 - vectorax - ERROR - 🔗 Get NEW keys: https://testnet.delta.exchange → Dashboard → API Keys
2026-03-26 13:51:49,225 - vectorax - ERROR - Telegram failed 404: {"ok":false,"error_code":404,"description":"Not Found"}
2026-03-26 13:51:49,225 - vectorax - ERROR - Telegram failed 404: {"ok":false,"error_code":404,"description":"Not Found"}
2026-03-26 13:51:49,229 - vectorax - INFO - 🔄 Cycle #1 | $0.00 | 0/3 pos | Regime=UNKNOWN | WR=50.0% | Safety=OFF
2026-03-26 13:51:49,229 - vectorax - INFO - 🔄 Cycle #1 | $0.00 | 0/3 pos | Regime=UNKNOWN | WR=50.0% | Safety=OFF
2026-03-26 13:51:49,230 - vectorax - WARNING - ⚠️ Balance $0.00 < ₹200 min. Pausing.
2026-03-26 13:51:49,230 - vectorax - WARNING - ⚠️ Balance $0.00 < ₹200 min. Pausing.
2026-03-26 13:51:50,437 - vectorax - ERROR - Telegram failed 404: {"ok":false,"error_code":404,"description":"Not Found"}
2026-03-26 13:51:50,437 - vectorax - ERROR - Telegram failed 404: {"ok":false,"error_code":404,"description":"Not Found"}
2026-03-26 13:53:39,864 - vectorax - INFO - 🛑 Shutdown signal – saving & exiting…
2026-03-26 13:53:39,864 - vectorax - INFO - 🛑 Shutdown signal – saving & exiting…
2026-03-26 21:43:40,636 - vectorax - WARNING - Wallet API error on attempt 1: API 401: INVALID LIVE API KEYS - https://www.delta.exchange/profile/api-keys
2026-03-26 21:43:42,020 - vectorax - WARNING - Wallet API error on attempt 2: API 401: INVALID LIVE API KEYS - https://www.delta.exchange/profile/api-keys
2026-03-26 21:43:42,021 - vectorax - ERROR - ❌ NO WALLET ACCESS - INVALID LIVE API KEYS
2026-03-26 21:43:42,022 - vectorax - ERROR - 🔗 Get NEW keys: https://www.delta.exchange/profile/api-keys
2026-03-26 21:43:42,908 - vectorax - INFO - Telegram sent ✅
2026-03-26 21:43:44,066 - vectorax - ERROR - Ticker BTC_PERP error: float() argument must be a string or a real number, not 'NoneType'
2026-03-27 22:38:52,257 - vectorax - WARNING - Wallet API error on attempt 1: API 401: {'error': {'code': 'ip_not_whitelisted_for_api_key', 'context': {'client_ip': '2409:40c2:700c:a684:1da3:d42f:931f:708c'}}, 'success': False}
2026-03-27 22:38:52,257 - vectorax - WARNING - Wallet API error on attempt 1: API 401: {'error': {'code': 'ip_not_whitelisted_for_api_key', 'context': {'client_ip': '2409:40c2:700c:a684:1da3:d42f:931f:708c'}}, 'success': False}
2026-03-27 22:38:53,818 - vectorax - WARNING - Wallet API error on attempt 2: API 401: {'error': {'code': 'ip_not_whitelisted_for_api_key', 'context': {'client_ip': '2409:40c2:700c:a684:1da3:d42f:931f:708c'}}, 'success': False}
2026-03-27 22:38:53,818 - vectorax - WARNING - Wallet API error on attempt 2: API 401: {'error': {'code': 'ip_not_whitelisted_for_api_key', 'context': {'client_ip': '2409:40c2:700c:a684:1da3:d42f:931f:708c'}}, 'success': False}
2026-03-27 22:38:53,820 - vectorax - WARNING - ❌ No INR wallet found after retries. Fallback Rs0.0 - deposit > Rs150.0
2026-03-27 22:38:53,820 - vectorax - WARNING - ❌ No INR wallet found after retries. Fallback Rs0.0 - deposit > Rs150.0
2026-03-27 22:38:53,820 - vectorax - WARNING - ⚠️ No INR wallet. Deposit required.
2026-03-27 22:38:53,820 - vectorax - WARNING - ⚠️ No INR wallet. Deposit required.
2026-03-27 22:38:54,510 - vectorax - WARNING - ⚠️ Suspicious BTC price $2.0220
2026-03-27 22:38:54,510 - vectorax - WARNING - ⚠️ Suspicious BTC price $2.0220
2026-03-27 22:40:27,485 - vectorax - WARNING - Wallet API error on attempt 1: API 401: {'error': {'code': 'ip_not_whitelisted_for_api_key', 'context': {'client_ip': '2409:40c2:700c:a684:1da3:d42f:931f:708c'}}, 'success': False}
2026-03-27 22:40:27,485 - vectorax - WARNING - Wallet API error on attempt 1: API 401: {'error': {'code': 'ip_not_whitelisted_for_api_key', 'context': {'client_ip': '2409:40c2:700c:a684:1da3:d42f:931f:708c'}}, 'success': False}
2026-03-27 22:40:28,916 - vectorax - WARNING - Wallet API error on attempt 2: API 401: {'error': {'code': 'ip_not_whitelisted_for_api_key', 'context': {'client_ip': '2409:40c2:700c:a684:1da3:d42f:931f:708c'}}, 'success': False}
2026-03-27 22:40:28,916 - vectorax - WARNING - Wallet API error on attempt 2: API 401: {'error': {'code': 'ip_not_whitelisted_for_api_key', 'context': {'client_ip': '2409:40c2:700c:a684:1da3:d42f:931f:708c'}}, 'success': False}
2026-03-27 22:40:28,919 - vectorax - WARNING - ❌ No INR wallet found after retries. Fallback Rs0.0 - deposit > Rs150.0
2026-03-27 22:40:28,919 - vectorax - WARNING - ❌ No INR wallet found after retries. Fallback Rs0.0 - deposit > Rs150.0
2026-03-27 22:40:28,920 - vectorax - WARNING - ⚠️ No INR wallet. Deposit required.
2026-03-27 22:40:28,920 - vectorax - WARNING - ⚠️ No INR wallet. Deposit required.
2026-03-27 22:40:29,658 - vectorax - WARNING - ⚠️ Suspicious BTC price $2.0247
2026-03-27 22:40:29,658 - vectorax - WARNING - ⚠️ Suspicious BTC price $2.0247
